<?xml version="1.0" encoding="UTF-8"?>
<!-- Generated by org.testng.reporters.JUnitReportReporter -->
<testsuite hostname="LAPTOP-8I7T57VQ" failures="0" tests="2" name="com.base.DataPro" time="17.421" errors="0" timestamp="2024-06-28T16:01:38 IST" skipped="0">
  <testcase classname="com.base.DataPro" name="tc3" time="9.894"/>
  <testcase classname="com.base.DataPro" name="tc3" time="7.527"/>
</testsuite> <!-- com.base.DataPro -->
